{"/Users/Penguin/Desktop/Gschool/messAround/mochaistanbul/index.js":{"path":"/Users/Penguin/Desktop/Gschool/messAround/mochaistanbul/index.js","s":{"1":1,"2":1,"3":1},"b":{},"f":{"1":1},"fnMap":{"1":{"name":"getCoverageHello","line":1,"loc":{"start":{"line":1,"column":0},"end":{"line":1,"column":30}}}},"statementMap":{"1":{"start":{"line":1,"column":0},"end":{"line":3,"column":1}},"2":{"start":{"line":2,"column":4},"end":{"line":2,"column":59}},"3":{"start":{"line":5,"column":0},"end":{"line":7,"column":1}}},"branchMap":{}}}